<?xml version="1.0" encoding="UTF-8"?>
<!-- Generated by org.testng.reporters.JUnitXMLReporter -->
<testsuite ignored="0" hostname="DESKTOP-1N5RRAI" failures="0" tests="3" name="Chrome Regression Test" time="0.59" errors="0" timestamp="2022-05-11T05:23:02 EET">
  <testcase classname="tests.TestBase2" name="@BeforeClass setUp" time="0.036">
    <failure type="java.lang.Error" message="Unresolved compilation problems: 
	Illegal modifier for parameter USERNAME; only final is permitted
	Illegal modifier for parameter ACCESS_KEY; only final is permitted
	Illegal modifier for parameter SauceURL; only final is permitted
">
      <![CDATA[java.lang.Error: Unresolved compilation problems: 
Illegal modifier for parameter USERNAME; only final is permitted
Illegal modifier for parameter ACCESS_KEY; only final is permitted
Illegal modifier for parameter SauceURL; only final is permitted

at tests.TestBase2.setUp(TestBase2.java:50)
at java.base/java.util.ArrayList.forEach(ArrayList.java:1511)
at java.base/java.util.concurrent.FutureTask.run(FutureTask.java:264)
at java.base/java.util.concurrent.ThreadPoolExecutor.runWorker(ThreadPoolExecutor.java:1136)
at java.base/java.util.concurrent.ThreadPoolExecutor$Worker.run(ThreadPoolExecutor.java:635)
at java.base/java.lang.Thread.run(Thread.java:833)
... Removed 16 stack frames]]>
    </failure>
  </testcase> <!-- @BeforeClass setUp -->
  <testcase classname="tests.TestBase2" name="@BeforeClass setUp" time="0.036">
    <failure type="java.lang.Error" message="Unresolved compilation problems: 
	Illegal modifier for parameter USERNAME; only final is permitted
	Illegal modifier for parameter ACCESS_KEY; only final is permitted
	Illegal modifier for parameter SauceURL; only final is permitted
">
      <![CDATA[java.lang.Error: Unresolved compilation problems: 
Illegal modifier for parameter USERNAME; only final is permitted
Illegal modifier for parameter ACCESS_KEY; only final is permitted
Illegal modifier for parameter SauceURL; only final is permitted

at tests.TestBase2.setUp(TestBase2.java:50)
at java.base/java.util.ArrayList.forEach(ArrayList.java:1511)
at java.base/java.util.concurrent.FutureTask.run(FutureTask.java:264)
at java.base/java.util.concurrent.ThreadPoolExecutor.runWorker(ThreadPoolExecutor.java:1136)
at java.base/java.util.concurrent.ThreadPoolExecutor$Worker.run(ThreadPoolExecutor.java:635)
at java.base/java.lang.Thread.run(Thread.java:833)
... Removed 16 stack frames]]>
    </failure>
  </testcase> <!-- @BeforeClass setUp -->
  <testcase classname="tests.TestBase2" name="@AfterMethod screenshotOnFailure" time="0.0">
    <skipped/>
  </testcase> <!-- @AfterMethod screenshotOnFailure -->
  <testcase classname="tests.TestBase2" name="@AfterMethod screenshotOnFailure" time="0.0">
    <skipped/>
  </testcase> <!-- @AfterMethod screenshotOnFailure -->
  <testcase classname="tests.TestBase2" name="@AfterClass stopDriver" time="0.0">
    <skipped/>
  </testcase> <!-- @AfterClass stopDriver -->
  <testcase classname="tests.TestBase2" name="@AfterClass stopDriver" time="0.0">
    <skipped/>
  </testcase> <!-- @AfterClass stopDriver -->
  <testcase classname="tests.UserRegistrationParellelTesting" name="UserCanRegisterSuccssfully" time="0.001">
    <skipped/>
  </testcase> <!-- UserCanRegisterSuccssfully -->
  <testcase classname="tests.UserRegistrationParellelTesting" name="RegisteredUserCanLogout" time="0.0">
    <skipped/>
  </testcase> <!-- RegisteredUserCanLogout -->
  <testcase classname="tests.UserRegistrationParellelTesting" name="RegisteredUserCanLogin" time="0.0">
    <skipped/>
  </testcase> <!-- RegisteredUserCanLogin -->
</testsuite> <!-- Chrome Regression Test -->
