<?xml version="1.0" encoding="UTF-8"?>
<testng-results ignored="0" total="5" passed="4" failed="1" skipped="0">
  <reporter-output>
  </reporter-output>
  <suite started-at="2022-04-29T00:03:50 EET" name="Default suite" finished-at="2022-04-29T00:04:18 EET" duration-ms="27926">
    <groups>
    </groups>
    <test started-at="2022-04-29T00:03:50 EET" name="Default test" finished-at="2022-04-29T00:04:18 EET" duration-ms="27926">
      <class name="tests.RegisteredUserChecoutProduct">
        <test-method is-config="true" signature="startDriver(java.lang.String)[pri:0, instance:tests.RegisteredUserChecoutProduct@3270d194]" started-at="2022-04-29T00:03:36 EET" name="startDriver" finished-at="2022-04-29T00:03:50 EET" duration-ms="14365" status="PASS">
          <params>
            <param index="0">
              <value>
                <![CDATA[firefox]]>
              </value>
            </param>
          </params>
          <reporter-output>
          </reporter-output>
        </test-method> <!-- startDriver -->
        <test-method signature="UserCanRegisterSuccessfully()[pri:1, instance:tests.RegisteredUserChecoutProduct@3270d194]" started-at="2022-04-29T00:03:50 EET" name="UserCanRegisterSuccessfully" finished-at="2022-04-29T00:03:53 EET" duration-ms="2986" status="PASS">
          <reporter-output>
          </reporter-output>
        </test-method> <!-- UserCanRegisterSuccessfully -->
        <test-method is-config="true" signature="screenshotOnFailure(org.testng.ITestResult)[pri:0, instance:tests.RegisteredUserChecoutProduct@3270d194]" started-at="2022-04-29T00:03:53 EET" name="screenshotOnFailure" finished-at="2022-04-29T00:03:53 EET" duration-ms="2" status="PASS">
          <params>
            <param index="0">
              <value>
                <![CDATA[[TestResult name=UserCanRegisterSuccessfully status=SUCCESS method=RegisteredUserChecoutProduct.UserCanRegisterSuccessfully()[pri:1, instance:tests.RegisteredUserChecoutProduct@3270d194] output={null}]]]>
              </value>
            </param>
          </params>
          <reporter-output>
          </reporter-output>
        </test-method> <!-- screenshotOnFailure -->
        <test-method signature="UserCanSearchWithAutoComplete()[pri:2, instance:tests.RegisteredUserChecoutProduct@3270d194]" started-at="2022-04-29T00:03:53 EET" name="UserCanSearchWithAutoComplete" finished-at="2022-04-29T00:03:53 EET" duration-ms="136" status="PASS">
          <reporter-output>
          </reporter-output>
        </test-method> <!-- UserCanSearchWithAutoComplete -->
        <test-method is-config="true" signature="screenshotOnFailure(org.testng.ITestResult)[pri:0, instance:tests.RegisteredUserChecoutProduct@3270d194]" started-at="2022-04-29T00:03:53 EET" name="screenshotOnFailure" finished-at="2022-04-29T00:03:53 EET" duration-ms="1" status="PASS">
          <params>
            <param index="0">
              <value>
                <![CDATA[[TestResult name=UserCanSearchWithAutoComplete status=SUCCESS method=RegisteredUserChecoutProduct.UserCanSearchWithAutoComplete()[pri:2, instance:tests.RegisteredUserChecoutProduct@3270d194] output={null}]]]>
              </value>
            </param>
          </params>
          <reporter-output>
          </reporter-output>
        </test-method> <!-- screenshotOnFailure -->
        <test-method signature="UserCanAddProductToCart()[pri:3, instance:tests.RegisteredUserChecoutProduct@3270d194]" started-at="2022-04-29T00:03:53 EET" name="UserCanAddProductToCart" finished-at="2022-04-29T00:04:14 EET" duration-ms="20742" status="PASS">
          <reporter-output>
          </reporter-output>
        </test-method> <!-- UserCanAddProductToCart -->
        <test-method is-config="true" signature="screenshotOnFailure(org.testng.ITestResult)[pri:0, instance:tests.RegisteredUserChecoutProduct@3270d194]" started-at="2022-04-29T00:04:14 EET" name="screenshotOnFailure" finished-at="2022-04-29T00:04:14 EET" duration-ms="0" status="PASS">
          <params>
            <param index="0">
              <value>
                <![CDATA[[TestResult name=UserCanAddProductToCart status=SUCCESS method=RegisteredUserChecoutProduct.UserCanAddProductToCart()[pri:3, instance:tests.RegisteredUserChecoutProduct@3270d194] output={null}]]]>
              </value>
            </param>
          </params>
          <reporter-output>
          </reporter-output>
        </test-method> <!-- screenshotOnFailure -->
        <test-method signature="UserCanCheckoutProduct()[pri:4, instance:tests.RegisteredUserChecoutProduct@3270d194]" started-at="2022-04-29T00:04:14 EET" name="UserCanCheckoutProduct" finished-at="2022-04-29T00:04:17 EET" duration-ms="3029" status="FAIL">
          <exception class="org.openqa.selenium.ElementNotInteractableException">
            <message>
              <![CDATA[Element <button class="button-1 shipping-method-next-step-button" type="button"> could not be scrolled into view
Build info: version: '4.1.3', revision: '7b1ebf28ef'
System info: host: 'DESKTOP-1N5RRAI', ip: '169.254.15.177', os.name: 'Windows 10', os.arch: 'amd64', os.version: '10.0', java.version: '17.0.2'
Driver info: org.openqa.selenium.firefox.FirefoxDriver
Command: [236e0263-a26d-448d-a3a6-91997f7e188d, clickElement {id=36bcff2f-591e-44f4-b38f-cc07c78a1d73}]
Capabilities {acceptInsecureCerts: true, browserName: firefox, browserVersion: 99.0, javascriptEnabled: true, moz:accessibilityChecks: false, moz:buildID: 20220313185831, moz:debuggerAddress: localhost:65514, moz:geckodriverVersion: 0.31.0, moz:headless: false, moz:processID: 13284, moz:profile: C:\Users\SaRa\AppData\Local..., moz:shutdownTimeout: 60000, moz:useNonSpecCompliantPointerOrigin: false, moz:webdriverClick: true, pageLoadStrategy: normal, platform: WINDOWS, platformName: WINDOWS, platformVersion: 10.0, proxy: Proxy(), se:cdp: ws://localhost:65514/devtoo..., se:cdpVersion: 85.0, setWindowRect: true, strictFileInteractability: false, timeouts: {implicit: 0, pageLoad: 300000, script: 30000}, unhandledPromptBehavior: dismiss and notify}
Element: [[FirefoxDriver: firefox on WINDOWS (236e0263-a26d-448d-a3a6-91997f7e188d)] -> css selector: button.button-1.shipping-method-next-step-button]
Session ID: 236e0263-a26d-448d-a3a6-91997f7e188d]]>
            </message>
            <full-stacktrace>
              <![CDATA[org.openqa.selenium.ElementNotInteractableException: Element <button class="button-1 shipping-method-next-step-button" type="button"> could not be scrolled into view
Build info: version: '4.1.3', revision: '7b1ebf28ef'
System info: host: 'DESKTOP-1N5RRAI', ip: '169.254.15.177', os.name: 'Windows 10', os.arch: 'amd64', os.version: '10.0', java.version: '17.0.2'
Driver info: org.openqa.selenium.firefox.FirefoxDriver
Command: [236e0263-a26d-448d-a3a6-91997f7e188d, clickElement {id=36bcff2f-591e-44f4-b38f-cc07c78a1d73}]
Capabilities {acceptInsecureCerts: true, browserName: firefox, browserVersion: 99.0, javascriptEnabled: true, moz:accessibilityChecks: false, moz:buildID: 20220313185831, moz:debuggerAddress: localhost:65514, moz:geckodriverVersion: 0.31.0, moz:headless: false, moz:processID: 13284, moz:profile: C:\Users\SaRa\AppData\Local..., moz:shutdownTimeout: 60000, moz:useNonSpecCompliantPointerOrigin: false, moz:webdriverClick: true, pageLoadStrategy: normal, platform: WINDOWS, platformName: WINDOWS, platformVersion: 10.0, proxy: Proxy(), se:cdp: ws://localhost:65514/devtoo..., se:cdpVersion: 85.0, setWindowRect: true, strictFileInteractability: false, timeouts: {implicit: 0, pageLoad: 300000, script: 30000}, unhandledPromptBehavior: dismiss and notify}
Element: [[FirefoxDriver: firefox on WINDOWS (236e0263-a26d-448d-a3a6-91997f7e188d)] -> css selector: button.button-1.shipping-method-next-step-button]
Session ID: 236e0263-a26d-448d-a3a6-91997f7e188d
at java.base/jdk.internal.reflect.NativeConstructorAccessorImpl.newInstance0(Native Method)
at java.base/jdk.internal.reflect.NativeConstructorAccessorImpl.newInstance(NativeConstructorAccessorImpl.java:77)
at java.base/jdk.internal.reflect.DelegatingConstructorAccessorImpl.newInstance(DelegatingConstructorAccessorImpl.java:45)
at java.base/java.lang.reflect.Constructor.newInstanceWithCaller(Constructor.java:499)
at java.base/java.lang.reflect.Constructor.newInstance(Constructor.java:480)
at org.openqa.selenium.remote.codec.w3c.W3CHttpResponseCodec.createException(W3CHttpResponseCodec.java:200)
at org.openqa.selenium.remote.codec.w3c.W3CHttpResponseCodec.decode(W3CHttpResponseCodec.java:133)
at org.openqa.selenium.remote.codec.w3c.W3CHttpResponseCodec.decode(W3CHttpResponseCodec.java:53)
at org.openqa.selenium.remote.HttpCommandExecutor.execute(HttpCommandExecutor.java:184)
at org.openqa.selenium.remote.service.DriverCommandExecutor.invokeExecute(DriverCommandExecutor.java:167)
at org.openqa.selenium.remote.service.DriverCommandExecutor.execute(DriverCommandExecutor.java:142)
at org.openqa.selenium.remote.RemoteWebDriver.execute(RemoteWebDriver.java:567)
at org.openqa.selenium.remote.RemoteWebElement.execute(RemoteWebElement.java:251)
at org.openqa.selenium.remote.RemoteWebElement.click(RemoteWebElement.java:77)
at java.base/jdk.internal.reflect.NativeMethodAccessorImpl.invoke0(Native Method)
at java.base/jdk.internal.reflect.NativeMethodAccessorImpl.invoke(NativeMethodAccessorImpl.java:77)
at java.base/jdk.internal.reflect.DelegatingMethodAccessorImpl.invoke(DelegatingMethodAccessorImpl.java:43)
at java.base/java.lang.reflect.Method.invoke(Method.java:568)
at org.openqa.selenium.support.pagefactory.internal.LocatingElementHandler.invoke(LocatingElementHandler.java:52)
at jdk.proxy2/jdk.proxy2.$Proxy19.click(Unknown Source)
at pages.PageBase.clickButton(PageBase.java:23)
at pages.CheckoutPage.RegisteredUserCheckoutProduct(CheckoutPage.java:91)
at tests.RegisteredUserChecoutProduct.UserCanCheckoutProduct(RegisteredUserChecoutProduct.java:77)
at java.base/jdk.internal.reflect.NativeMethodAccessorImpl.invoke0(Native Method)
at java.base/jdk.internal.reflect.NativeMethodAccessorImpl.invoke(NativeMethodAccessorImpl.java:77)
at java.base/jdk.internal.reflect.DelegatingMethodAccessorImpl.invoke(DelegatingMethodAccessorImpl.java:43)
at java.base/java.lang.reflect.Method.invoke(Method.java:568)
at org.testng.internal.invokers.MethodInvocationHelper.invokeMethod(MethodInvocationHelper.java:135)
at org.testng.internal.invokers.TestInvoker.invokeMethod(TestInvoker.java:673)
at org.testng.internal.invokers.TestInvoker.invokeTestMethod(TestInvoker.java:220)
at org.testng.internal.invokers.MethodRunner.runInSequence(MethodRunner.java:50)
at org.testng.internal.invokers.TestInvoker$MethodInvocationAgent.invoke(TestInvoker.java:945)
at org.testng.internal.invokers.TestInvoker.invokeTestMethods(TestInvoker.java:193)
at org.testng.internal.invokers.TestMethodWorker.invokeTestMethods(TestMethodWorker.java:146)
at org.testng.internal.invokers.TestMethodWorker.run(TestMethodWorker.java:128)
at java.base/java.util.ArrayList.forEach(ArrayList.java:1511)
at org.testng.TestRunner.privateRun(TestRunner.java:808)
at org.testng.TestRunner.run(TestRunner.java:603)
at org.testng.SuiteRunner.runTest(SuiteRunner.java:429)
at org.testng.SuiteRunner.runSequentially(SuiteRunner.java:423)
at org.testng.SuiteRunner.privateRun(SuiteRunner.java:383)
at org.testng.SuiteRunner.run(SuiteRunner.java:326)
at org.testng.SuiteRunnerWorker.runSuite(SuiteRunnerWorker.java:52)
at org.testng.SuiteRunnerWorker.run(SuiteRunnerWorker.java:95)
at org.testng.TestNG.runSuitesSequentially(TestNG.java:1249)
at org.testng.TestNG.runSuitesLocally(TestNG.java:1169)
at org.testng.TestNG.runSuites(TestNG.java:1092)
at org.testng.TestNG.run(TestNG.java:1060)
at org.testng.remote.AbstractRemoteTestNG.run(AbstractRemoteTestNG.java:115)
at org.testng.remote.RemoteTestNG.initAndRun(RemoteTestNG.java:251)
at org.testng.remote.RemoteTestNG.main(RemoteTestNG.java:77)
]]>
            </full-stacktrace>
          </exception> <!-- org.openqa.selenium.ElementNotInteractableException -->
          <reporter-output>
          </reporter-output>
        </test-method> <!-- UserCanCheckoutProduct -->
        <test-method is-config="true" signature="screenshotOnFailure(org.testng.ITestResult)[pri:0, instance:tests.RegisteredUserChecoutProduct@3270d194]" started-at="2022-04-29T00:04:17 EET" name="screenshotOnFailure" finished-at="2022-04-29T00:04:17 EET" duration-ms="131" status="PASS">
          <params>
            <param index="0">
              <value>
                <![CDATA[[TestResult name=UserCanCheckoutProduct status=FAILURE method=RegisteredUserChecoutProduct.UserCanCheckoutProduct()[pri:4, instance:tests.RegisteredUserChecoutProduct@3270d194] output={null}]]]>
              </value>
            </param>
          </params>
          <reporter-output>
          </reporter-output>
        </test-method> <!-- screenshotOnFailure -->
        <test-method signature="RegisteredUserCanLogout()[pri:5, instance:tests.RegisteredUserChecoutProduct@3270d194]" started-at="2022-04-29T00:04:17 EET" name="RegisteredUserCanLogout" finished-at="2022-04-29T00:04:18 EET" duration-ms="799" status="PASS">
          <reporter-output>
          </reporter-output>
        </test-method> <!-- RegisteredUserCanLogout -->
        <test-method is-config="true" signature="screenshotOnFailure(org.testng.ITestResult)[pri:0, instance:tests.RegisteredUserChecoutProduct@3270d194]" started-at="2022-04-29T00:04:18 EET" name="screenshotOnFailure" finished-at="2022-04-29T00:04:18 EET" duration-ms="1" status="PASS">
          <params>
            <param index="0">
              <value>
                <![CDATA[[TestResult name=RegisteredUserCanLogout status=SUCCESS method=RegisteredUserChecoutProduct.RegisteredUserCanLogout()[pri:5, instance:tests.RegisteredUserChecoutProduct@3270d194] output={null}]]]>
              </value>
            </param>
          </params>
          <reporter-output>
          </reporter-output>
        </test-method> <!-- screenshotOnFailure -->
        <test-method is-config="true" signature="stopDriver()[pri:0, instance:tests.RegisteredUserChecoutProduct@3270d194]" started-at="2022-04-29T00:04:18 EET" name="stopDriver" finished-at="2022-04-29T00:04:20 EET" duration-ms="2263" status="PASS">
          <reporter-output>
          </reporter-output>
        </test-method> <!-- stopDriver -->
      </class> <!-- tests.RegisteredUserChecoutProduct -->
    </test> <!-- Default test -->
  </suite> <!-- Default suite -->
</testng-results>
